<?xml version="1.0" encoding="UTF-8"?>
<!-- Generated by org.testng.reporters.JUnitReportReporter -->
<testsuite hostname="LAPTOP-MJ4I0BC8" failures="0" tests="5" name="Invocationcount.InvocationCount" time="200.525" errors="0" timestamp="2025-04-22T23:53:52 IST" skipped="0">
  <testcase classname="Invocationcount.InvocationCount" name="invocationcount" time="37.230"/>
  <testcase classname="Invocationcount.InvocationCount" name="invocationcount" time="34.440"/>
  <testcase classname="Invocationcount.InvocationCount" name="invocationcount" time="35.769"/>
  <testcase classname="Invocationcount.InvocationCount" name="invocationcount" time="49.288"/>
  <testcase classname="Invocationcount.InvocationCount" name="invocationcount" time="43.798"/>
</testsuite> <!-- Invocationcount.InvocationCount -->
