<?xml version="1.0" encoding="UTF-8"?>
<!-- Generated by org.testng.reporters.JUnitReportReporter -->
<testsuite hostname="LAPTOP-MJ4I0BC8" failures="0" tests="4" name="Parallelexecution.ParallelExecution2" time="40.022" errors="0" timestamp="2025-05-11T15:00:57 IST" skipped="0">
  <testcase classname="Parallelexecution.ParallelExecution2" name="loginhrmqw1" time="9.197"/>
  <testcase classname="Parallelexecution.ParallelExecution2" name="loginhrmqw" time="8.972"/>
  <testcase classname="Parallelexecution.ParallelExecution2" name="loginhrmqw1" time="11.061"/>
  <testcase classname="Parallelexecution.ParallelExecution2" name="loginhrmqw" time="10.792"/>
</testsuite> <!-- Parallelexecution.ParallelExecution2 -->
