<?xml version="1.0" encoding="UTF-8"?>
<!-- Generated by org.testng.reporters.JUnitReportReporter -->
<testsuite hostname="LAPTOP-MJ4I0BC8" failures="0" tests="4" name="Parallelexecution.ParallelExecution3" time="45.565" errors="0" timestamp="2025-05-11T15:00:57 IST" skipped="0">
  <testcase classname="Parallelexecution.ParallelExecution3" name="loginhrmqw1" time="12.185"/>
  <testcase classname="Parallelexecution.ParallelExecution3" name="loginhrmqw" time="9.440"/>
  <testcase classname="Parallelexecution.ParallelExecution3" name="loginhrmqw" time="8.231"/>
  <testcase classname="Parallelexecution.ParallelExecution3" name="loginhrmqw1" time="15.709"/>
</testsuite> <!-- Parallelexecution.ParallelExecution3 -->
