<?xml version="1.0" encoding="UTF-8"?>
<!-- Generated by org.testng.reporters.JUnitReportReporter -->
<testsuite hostname="LAPTOP-MJ4I0BC8" failures="0" tests="2" name="TestNGrelated.Dataprovidermethod" time="0.009" errors="0" timestamp="2025-04-19T14:23:50 IST" skipped="0">
  <testcase classname="TestNGrelated.Dataprovidermethod" name="ajay" time="0.008"/>
  <testcase classname="TestNGrelated.Dataprovidermethod" name="ajay" time="0.001"/>
</testsuite> <!-- TestNGrelated.Dataprovidermethod -->
